1509:APP_OPEN:startTime=1737505625767
3174:GENERAL_SHOW_PERSPECTIVE:perspective=org.jkiss.dbeaver.core.perspective
3174:GENERAL_VIEW_OPEN:view=org.jkiss.dbeaver.core.projectNavigator
3174:GENERAL_VIEW_OPEN:view=org.jkiss.dbeaver.core.projectExplorer
3506:Open connection:driver=oracle:oracle_thin&origin=local
3582:SQL_EDITOR_OPEN:driver=oracle:oracle_thin
24519:SQL_EDITOR_EXECUTE_QUERY
29120:SQL_EDITOR_EXECUTE_QUERY
88620:SQL_EDITOR_EXECUTE_SCRIPT
167575:SQL_EDITOR_EXECUTE_QUERY
258471:SQL_EDITOR_EXECUTE_QUERY
267971:SQL_EDITOR_EXECUTE_SCRIPT
5568788:SQL_EDITOR_OPEN:driver=oracle:oracle_thin
9884655:SQL_EDITOR_EXECUTE_QUERY
16565393:SQL_EDITOR_EXECUTE_QUERY
17534878:SQL_EDITOR_OPEN:driver=oracle:oracle_thin
17566352:SQL_EDITOR_EXECUTE_QUERY
17581593:SQL_EDITOR_EXECUTE_QUERY
22360987:SQL_EDITOR_EXECUTE_QUERY
22384803:SQL_EDITOR_EXECUTE_QUERY
22492769:SQL_EDITOR_EXECUTE_QUERY
22495515:SQL_EDITOR_EXECUTE_QUERY
22498307:SQL_EDITOR_EXECUTE_QUERY
22499587:SQL_EDITOR_EXECUTE_QUERY
25185033:SQL_EDITOR_EXECUTE_QUERY
25187033:SQL_EDITOR_EXECUTE_QUERY
25191233:SQL_EDITOR_EXECUTE_QUERY
25192945:SQL_EDITOR_EXECUTE_QUERY
25194065:SQL_EDITOR_EXECUTE_QUERY
25199297:SQL_EDITOR_EXECUTE_QUERY
27331032:SQL_EDITOR_EXECUTE_QUERY
28293390:SQL_EDITOR_EXECUTE_QUERY
28499382:SQL_EDITOR_EXECUTE_QUERY
28925949:SQL_EDITOR_EXECUTE_QUERY
29513301:SQL_EDITOR_EXECUTE_QUERY
29818277:SQL_EDITOR_EXECUTE_QUERY
29829477:SQL_EDITOR_EXECUTE_QUERY
29991340:SQL_EDITOR_EXECUTE_QUERY
29994868:SQL_EDITOR_EXECUTE_QUERY
32784493:ENTITY_EDITOR_OPEN:driver=oracle:oracle_thin&className=OracleTable
32785216:DATA_EDIT_OPEN:objectType=OracleTable
