1529:APP_OPEN:startTime=1738804704636
3211:GENERAL_SHOW_PERSPECTIVE:perspective=org.jkiss.dbeaver.core.perspective
3211:GENERAL_VIEW_OPEN:view=org.jkiss.dbeaver.core.projectNavigator
3211:GENERAL_VIEW_OPEN:view=org.jkiss.dbeaver.core.projectExplorer
3533:Open connection:origin=local&driver=oracle:oracle_thin
3644:SQL_EDITOR_OPEN:driver=oracle:oracle_thin
12255:SQL_EDITOR_OPEN:driver=oracle:oracle_thin
16685:ENTITY_EDITOR_OPEN:driver=oracle:oracle_thin&className=OracleSchema
83680:SQL_EDITOR_EXECUTE_QUERY
145769:SQL_EDITOR_OPEN:driver=oracle:oracle_thin
148069:ENTITY_EDITOR_OPEN:driver=oracle:oracle_thin&className=OracleSchema
197348:SQL_EDITOR_EXECUTE_SCRIPT
204288:SQL_EDITOR_EXECUTE_QUERY
231060:SQL_EDITOR_EXECUTE_SCRIPT
295712:SQL_EDITOR_EXECUTE_QUERY
298809:SQL_EDITOR_EXECUTE_QUERY
302380:SQL_EDITOR_EXECUTE_SCRIPT
435980:SQL_EDITOR_EXECUTE_SCRIPT
452308:SQL_EDITOR_EXECUTE_SCRIPT
459096:SQL_EDITOR_EXECUTE_QUERY
474412:SQL_EDITOR_EXECUTE_SCRIPT
588232:SQL_EDITOR_EXECUTE_QUERY
595880:SQL_EDITOR_EXECUTE_SCRIPT
600616:SQL_EDITOR_EXECUTE_QUERY
609832:SQL_EDITOR_EXECUTE_SCRIPT
634512:SQL_EDITOR_EXECUTE_QUERY
643368:SQL_EDITOR_EXECUTE_QUERY
650513:SQL_EDITOR_EXECUTE_QUERY
664152:SQL_EDITOR_EXECUTE_QUERY
672536:SQL_EDITOR_EXECUTE_QUERY
675000:SQL_EDITOR_EXECUTE_QUERY
677616:SQL_EDITOR_EXECUTE_QUERY
690568:SQL_EDITOR_EXECUTE_QUERY
696296:SQL_EDITOR_EXECUTE_QUERY
702928:SQL_EDITOR_EXECUTE_QUERY
720296:SQL_EDITOR_EXECUTE_QUERY
724808:SQL_EDITOR_EXECUTE_QUERY
726416:SQL_EDITOR_EXECUTE_QUERY
21206545:SQL_EDITOR_EXECUTE_QUERY
21206545:Open connection:origin=local&driver=oracle:oracle_thin
21209889:SQL_EDITOR_EXECUTE_QUERY
21422633:SQL_EDITOR_EXECUTE_QUERY
21428081:SQL_EDITOR_EXECUTE_QUERY
21945233:Open connection:origin=local&driver=oracle:oracle_thin
21945262:SQL_EDITOR_OPEN:driver=oracle:oracle_thin
21945505:ENTITY_EDITOR_OPEN:driver=oracle:oracle_thin&className=OracleSchema
21945540:ENTITY_EDITOR_OPEN:driver=oracle:oracle_thin&className=OracleSchema
21962529:SQL_EDITOR_EXECUTE_QUERY
22161090:SQL_EDITOR_EXECUTE_QUERY
22176649:SQL_EDITOR_EXECUTE_QUERY
22193809:SQL_EDITOR_EXECUTE_QUERY
22257410:SQL_EDITOR_EXECUTE_QUERY
22262330:SQL_EDITOR_EXECUTE_QUERY
26599909:SQL_EDITOR_EXECUTE_QUERY
26641789:SQL_EDITOR_EXECUTE_QUERY
26647877:SQL_EDITOR_EXECUTE_QUERY
26657110:SQL_EDITOR_EXECUTE_QUERY
27419590:SQL_EDITOR_EXECUTE_QUERY
