1642:APP_OPEN:startTime=1738628450604
3338:GENERAL_SHOW_PERSPECTIVE:perspective=org.jkiss.dbeaver.core.perspective
3338:GENERAL_VIEW_OPEN:view=org.jkiss.dbeaver.core.projectNavigator
3338:GENERAL_VIEW_OPEN:view=org.jkiss.dbeaver.core.projectExplorer
3610:Open connection:origin=local&driver=oracle:oracle_thin
3702:SQL_EDITOR_OPEN:driver=oracle:oracle_thin
195489:SQL_EDITOR_EXECUTE_QUERY
249561:SQL_EDITOR_EXECUTE_QUERY
294601:SQL_EDITOR_EXECUTE_QUERY
316496:SQL_EDITOR_EXECUTE_QUERY
335713:SQL_EDITOR_EXECUTE_QUERY
347465:SQL_EDITOR_EXECUTE_QUERY
6777065:SQL_EDITOR_EXECUTE_QUERY
6829169:SQL_EDITOR_EXECUTE_QUERY
9962981:SQL_EDITOR_EXECUTE_QUERY
9969277:SQL_EDITOR_EXECUTE_QUERY
12336586:SQL_EDITOR_EXECUTE_QUERY
17609580:SQL_EDITOR_EXECUTE_QUERY
17937172:SQL_EDITOR_EXECUTE_QUERY
18014764:SQL_EDITOR_EXECUTE_QUERY
18168364:SQL_EDITOR_EXECUTE_QUERY
18182027:SQL_EDITOR_EXECUTE_QUERY
18340955:SQL_EDITOR_EXECUTE_QUERY
18361715:SQL_EDITOR_EXECUTE_QUERY
19526282:SQL_EDITOR_EXECUTE_QUERY
19693101:ENTITY_EDITOR_OPEN:className=OracleSchema&driver=oracle:oracle_thin
26667985:SQL_EDITOR_EXECUTE_QUERY
26697593:SQL_EDITOR_EXECUTE_QUERY
26701633:SQL_EDITOR_EXECUTE_QUERY
26717274:SQL_EDITOR_EXECUTE_QUERY
27091089:SQL_EDITOR_EXECUTE_QUERY
29112198:SQL_EDITOR_EXECUTE_QUERY
29117158:SQL_EDITOR_EXECUTE_QUERY
30416717:SQL_EDITOR_EXECUTE_QUERY
