2025-02-03 11:06:45.820 - DBeaver 24.3.0.202412011650 is starting
2025-02-03 11:06:45.822 - OS: Windows 10 10.0 (amd64)
2025-02-03 11:06:45.823 - Java version: 17.0.6 by Eclipse Adoptium (64bit)
2025-02-03 11:06:45.823 - Install path: 'D:\web_0900_kjs\dbms_3\resource\dbeaver-ce-24.3.0-win32.win32.x86_64\dbeaver'
2025-02-03 11:06:45.823 - Instance path: 'file:/D:/web_0900_kjs/jsp_6/dbms/'
2025-02-03 11:06:45.825 - Memory available 64Mb/1024Mb
2025-02-03 11:06:45.825 - Platform not initialized: metadata folder may be not set
2025-02-03 11:06:45.839 - Create display
2025-02-03 11:06:45.974 - Initialize desktop platform...
2025-02-03 11:06:46.082 - BounceCastle bundle found. Use JCE provider BC
> Start Core File Systems [org.eclipse.core.filesystem 1.11.0.v20240824-0952]
> Start Core Resource Management [org.eclipse.core.resources 3.21.0.v20240805-1607]
> Start Team Support Core [org.eclipse.team.core 3.10.500.v20240621-0541]
> Start DBeaver UI Navigator [org.jkiss.dbeaver.ui.navigator 1.0.144.202412011650]
2025-02-03 11:06:46.240 - Initialize base platform...
> Start DBeaver UI Editors - Base [org.jkiss.dbeaver.ui.editors.base 1.0.144.202412011650]
2025-02-03 11:06:46.260 - send collected statistics
2025-02-03 11:06:46.267 - Platform initialized (294ms)
2025-02-03 11:06:46.308 - Starting instance server at http://localhost:50459
2025-02-03 11:06:46.309 - Run workbench
> Start Eclipse e4 Workbench SWT [org.eclipse.e4.ui.workbench.swt 0.17.500.v20240807-0911]
> Start Eclipse Application Services [org.eclipse.e4.core.services 2.4.400.v20240413-1529]
> Start Eclipse UI Application Services [org.eclipse.e4.ui.services 1.6.300.v20231201-1637]
> Start Eclipse e4 Progress View [org.eclipse.e4.ui.progress 0.4.600.v20240606-1020]
> Start Eclipse Bindings Support [org.eclipse.e4.ui.bindings 0.14.400.v20240321-1245]
> Start Eclipse e4 core commands [org.eclipse.e4.core.commands 1.1.400.v20240424-0444]
> Start EMF XML/XMI Persistence [org.eclipse.emf.ecore.xmi 2.38.0.v20240721-0634]
> Start Eclipse CSS SWT Theme Support [org.eclipse.e4.ui.css.swt.theme 0.14.400.v20240424-0956]
> Start Eclipse e4 Workbench Add-ons [org.eclipse.e4.ui.workbench.addons.swt 1.5.500.v20240620-1945]
> Start Eclipse e4 Workbench SWT Renderer [org.eclipse.e4.ui.workbench.renderers.swt 0.16.500.v20240727-1037]
> Start Eclipse Dependency Injection Extensions [org.eclipse.e4.core.di.extensions 0.18.300.v20240413-1529]
> Start Eclipse CSS SWT Support [org.eclipse.e4.ui.css.swt 0.15.400.v20240321-1245]
> Start Default Text Editor [org.eclipse.ui.editors 3.18.0.v20240807-0735]
> Start Text Editor Framework [org.eclipse.ui.workbench.texteditor 3.18.0.v20240819-1419]
2025-02-03 11:06:47.630 - Configure workbench window
> Start DBeaver SQL Model [org.jkiss.dbeaver.model.sql 1.0.134.202412011650]
2025-02-03 11:06:47.702 - Script dialect 'gbase8s' not found in registry (for data source provider gbase8s). Use default.
2025-02-03 11:06:47.733 - Total database drivers: 121 (121)
> Start Help System Core [org.eclipse.help 3.10.400.v20240415-0528]
2025-02-03 11:06:47.782 - Create actions
2025-02-03 11:06:47.786 - Disable Eclipse action set 'org.eclipse.ui.edit.text.actionSet.annotationNavigation'
2025-02-03 11:06:47.787 - Disable Eclipse action set 'org.eclipse.ui.WorkingSetActionSet'
2025-02-03 11:06:47.787 - Disable Eclipse action set 'org.eclipse.ui.actionSet.openFiles'
2025-02-03 11:06:47.787 - Create workbench actions
2025-02-03 11:06:48.190 - Initialize workbench window
2025-02-03 11:06:48.204 - Finish initialization
> Start DBeaver UI Editors - Data [org.jkiss.dbeaver.ui.editors.data 1.0.144.202412011650]
Warning: NLS unused message: actions_navigator__objects in: org.jkiss.dbeaver.ui.editors.sql.internal.SQLEditorMessages
> Start DBeaver UI Editors - SQL [org.jkiss.dbeaver.ui.editors.sql 1.0.144.202412011650]
> Start DBeaver SQL Terminal [org.jkiss.dbeaver.ui.editors.sql.terminal 1.0.120.202412011650]
> Start Core Compare Support [org.eclipse.compare.core 3.8.500.v20240524-2010]
> Start Internet Connection Management UI [org.eclipse.ui.net 1.5.400.v20240413-1529]
> Start Internet Connection Management [org.eclipse.core.net 1.5.500.v20240625-1706]
> Start DBeaver Sample Database [org.jkiss.dbeaver.ext.sample.database 1.0.181.202412011650]
> Start DBeaver Tip of the day [org.jkiss.dbeaver.ext.ui.tipoftheday 1.0.150.202412011650]
> Start GEF Classic Draw2d [org.eclipse.draw2d 3.17.0.202409021815]
> Start GEF Classic GEF (MVC) [org.eclipse.gef 3.19.0.202409021815]
> Start DBeaver ERD UI [org.jkiss.dbeaver.erd.ui 3.0.104.202412011650]
> Start DBeaver ERD Model [org.jkiss.dbeaver.erd.model 1.0.104.202412011650]
> Start DBeaver Dashboard UI [org.jkiss.dbeaver.ui.dashboard 1.0.141.202412011650]
> Start DBeaver UI Editors - Connections [org.jkiss.dbeaver.ui.editors.connection 1.0.135.202412011650]
> Start DBeaver JDBC Model [org.jkiss.dbeaver.model.jdbc 1.0.37.202412011650]
> Start DBeaver Oracle Model [org.jkiss.dbeaver.ext.oracle 2.1.229.202412011650]
> Start Console [org.eclipse.ui.console 3.14.100.v20240429-1358]
> Start Debug Core [org.eclipse.debug.core 3.21.500.v20240801-2219]
> Start DBeaver Tasks - Native Tools UI [org.jkiss.dbeaver.tasks.native.ui 1.0.122.202412011650]
> Start DBeaver Oracle UI [org.jkiss.dbeaver.ext.oracle.ui 1.0.131.202412011650]
> Start DBeaver Tasks - General UI [org.jkiss.dbeaver.tasks.ui 1.0.122.202412011650]
2025-02-03 11:06:50.152 - Connect with 'localhost' (oracle_thin-19482321f56-1b0cbac635d63ab3)
2025-02-03 11:06:50.173 - Execution context opened (localhost; Main; 0)
2025-02-03 11:06:50.549 - Execution context opened (localhost; Metadata; 1)
> Start DBeaver SQL Language Semantic Model [org.jkiss.dbeaver.model.lsm 1.0.39.202412011650]
2025-02-03 11:06:50.637 - Connected (oracle_thin-19482321f56-1b0cbac635d63ab3, Oracle JDBC driver [21.3.0.0.0])
2025-02-03 11:06:50.638 - Execution context opened (localhost; SQLEditor <Script.sql>; 2)
2025-02-03 11:06:52.287 - Open [https://dbeaver.io/product/version.xml]
2025-02-03 11:07:05.792 - Execution context closed (localhost, 2)
2025-02-03 11:24:35.047 - Unrecognized Oracle client version at C:\oracle21c\dbhomeXE
2025-02-03 11:24:35.180 - Auth model 'native' was replaced by 'oracle_native'
2025-02-03 11:24:35.193 - Service 'org.jkiss.dbeaver.runtime.ui.UIServiceSecurity' not found
2025-02-03 11:24:43.250 - Connect with 'jdbc:oracle:thin:@//localhost:1521/XE' (oracle_thin-194c99fd6e3-ca9c7a08504770d)
2025-02-03 11:24:43.250 - Execution context opened (jdbc:oracle:thin:@//localhost:1521/XE; Main; 3)
2025-02-03 11:24:43.292 - Connected (oracle_thin-194c99fd6e3-ca9c7a08504770d, Oracle JDBC driver [21.3.0.0.0])
2025-02-03 11:24:43.305 - Execution context closed (jdbc:oracle:thin:@//localhost:1521/XE, 3)
2025-02-03 11:24:43.305 - Disconnected (oracle_thin-194c99fd6e3-ca9c7a08504770d)
2025-02-03 11:24:47.501 - Connect with 'localhost' (oracle_thin-194c99fb6e5-33ce03064bcd6860)
2025-02-03 11:24:47.501 - Execution context opened (localhost; Main; 4)
2025-02-03 11:24:47.574 - Execution context opened (localhost; Metadata; 5)
2025-02-03 11:24:47.596 - Connected (oracle_thin-194c99fb6e5-33ce03064bcd6860, Oracle JDBC driver [21.3.0.0.0])
2025-02-03 11:24:47.598 - Execution context opened (localhost; SQLEditor <Script.sql>; 6)
> Start DBeaver Data Transfer [org.jkiss.dbeaver.data.transfer 2.0.128.202412011650]
2025-02-03 11:29:22.268 - SQL Error [933] [42000]: ORA-00933: SQL 명령어가 올바르게 종료되지 않았습니다


Error position: line: 18 pos: 65
org.jkiss.dbeaver.model.sql.DBSQLException: SQL Error [933] [42000]: ORA-00933: SQL 명령어가 올바르게 종료되지 않았습니다

	at org.jkiss.dbeaver.model.impl.jdbc.exec.JDBCStatementImpl.executeStatement(JDBCStatementImpl.java:130)
	at org.jkiss.dbeaver.ui.editors.sql.execute.SQLQueryJob.executeStatement(SQLQueryJob.java:631)
	at org.jkiss.dbeaver.ui.editors.sql.execute.SQLQueryJob.lambda$2(SQLQueryJob.java:522)
	at org.jkiss.dbeaver.model.exec.DBExecUtils.tryExecuteRecover(DBExecUtils.java:192)
	at org.jkiss.dbeaver.ui.editors.sql.execute.SQLQueryJob.executeSingleQuery(SQLQueryJob.java:541)
	at org.jkiss.dbeaver.ui.editors.sql.execute.SQLQueryJob.extractData(SQLQueryJob.java:1016)
	at org.jkiss.dbeaver.ui.editors.sql.SQLEditor$QueryResultsContainer.readData(SQLEditor.java:4273)
	at org.jkiss.dbeaver.ui.controls.resultset.ResultSetJobDataRead.lambda$0(ResultSetJobDataRead.java:128)
	at org.jkiss.dbeaver.model.exec.DBExecUtils.tryExecuteRecover(DBExecUtils.java:192)
	at org.jkiss.dbeaver.ui.controls.resultset.ResultSetJobDataRead.run(ResultSetJobDataRead.java:126)
	at org.jkiss.dbeaver.ui.controls.resultset.ResultSetViewer$ResultSetDataPumpJob.run(ResultSetViewer.java:5166)
	at org.jkiss.dbeaver.model.runtime.AbstractJob.run(AbstractJob.java:119)
	at org.eclipse.core.internal.jobs.Worker.run(Worker.java:63)
Caused by: java.sql.SQLSyntaxErrorException: ORA-00933: SQL 명령어가 올바르게 종료되지 않았습니다

	at oracle.jdbc.driver.T4CTTIoer11.processError(T4CTTIoer11.java:630)
	at oracle.jdbc.driver.T4CTTIoer11.processError(T4CTTIoer11.java:564)
	at oracle.jdbc.driver.T4C8Oall.processError(T4C8Oall.java:1231)
	at oracle.jdbc.driver.T4CTTIfun.receive(T4CTTIfun.java:772)
	at oracle.jdbc.driver.T4CTTIfun.doRPC(T4CTTIfun.java:299)
	at oracle.jdbc.driver.T4C8Oall.doOALL(T4C8Oall.java:512)
	at oracle.jdbc.driver.T4CStatement.doOall8(T4CStatement.java:123)
	at oracle.jdbc.driver.T4CStatement.executeForRows(T4CStatement.java:1200)
	at oracle.jdbc.driver.OracleStatement.executeSQLStatement(OracleStatement.java:1820)
	at oracle.jdbc.driver.OracleStatement.doExecuteWithTimeout(OracleStatement.java:1472)
	at oracle.jdbc.driver.OracleStatement.executeInternal(OracleStatement.java:2505)
	at oracle.jdbc.driver.OracleStatement.execute(OracleStatement.java:2460)
	at oracle.jdbc.driver.OracleStatementWrapper.execute(OracleStatementWrapper.java:328)
	at org.jkiss.dbeaver.model.impl.jdbc.exec.JDBCStatementImpl.execute(JDBCStatementImpl.java:344)
	at org.jkiss.dbeaver.model.impl.jdbc.exec.JDBCStatementImpl.executeStatement(JDBCStatementImpl.java:128)
	... 12 more
Caused by: Error : 933, Position : 65, Sql = CREATE SEQUENCE seq_member START WITH 1 INCREMENT BY 1
nocache
nocycl, OriginalSql = CREATE SEQUENCE seq_member START WITH 1 INCREMENT BY 1
nocache
nocycl, Error Msg = ORA-00933: SQL 명령어가 올바르게 종료되지 않았습니다

	at oracle.jdbc.driver.T4CTTIoer11.processError(T4CTTIoer11.java:637)
	... 26 more
2025-02-03 11:33:23.263 - SQL Error [904] [42000]: ORA-00904: "CURRENT_TIMESTEMP": 부적합한 식별자

org.jkiss.dbeaver.model.sql.DBSQLException: SQL Error [904] [42000]: ORA-00904: "CURRENT_TIMESTEMP": 부적합한 식별자

	at org.jkiss.dbeaver.model.impl.jdbc.exec.JDBCStatementImpl.executeStatement(JDBCStatementImpl.java:130)
	at org.jkiss.dbeaver.ui.editors.sql.execute.SQLQueryJob.executeStatement(SQLQueryJob.java:631)
	at org.jkiss.dbeaver.ui.editors.sql.execute.SQLQueryJob.lambda$2(SQLQueryJob.java:522)
	at org.jkiss.dbeaver.model.exec.DBExecUtils.tryExecuteRecover(DBExecUtils.java:192)
	at org.jkiss.dbeaver.ui.editors.sql.execute.SQLQueryJob.executeSingleQuery(SQLQueryJob.java:541)
	at org.jkiss.dbeaver.ui.editors.sql.execute.SQLQueryJob.extractData(SQLQueryJob.java:1016)
	at org.jkiss.dbeaver.ui.editors.sql.SQLEditor$QueryResultsContainer.readData(SQLEditor.java:4273)
	at org.jkiss.dbeaver.ui.controls.resultset.ResultSetJobDataRead.lambda$0(ResultSetJobDataRead.java:128)
	at org.jkiss.dbeaver.model.exec.DBExecUtils.tryExecuteRecover(DBExecUtils.java:192)
	at org.jkiss.dbeaver.ui.controls.resultset.ResultSetJobDataRead.run(ResultSetJobDataRead.java:126)
	at org.jkiss.dbeaver.ui.controls.resultset.ResultSetViewer$ResultSetDataPumpJob.run(ResultSetViewer.java:5166)
	at org.jkiss.dbeaver.model.runtime.AbstractJob.run(AbstractJob.java:119)
	at org.eclipse.core.internal.jobs.Worker.run(Worker.java:63)
Caused by: java.sql.SQLSyntaxErrorException: ORA-00904: "CURRENT_TIMESTEMP": 부적합한 식별자

	at oracle.jdbc.driver.T4CTTIoer11.processError(T4CTTIoer11.java:630)
	at oracle.jdbc.driver.T4CTTIoer11.processError(T4CTTIoer11.java:564)
	at oracle.jdbc.driver.T4C8Oall.processError(T4C8Oall.java:1231)
	at oracle.jdbc.driver.T4CTTIfun.receive(T4CTTIfun.java:772)
	at oracle.jdbc.driver.T4CTTIfun.doRPC(T4CTTIfun.java:299)
	at oracle.jdbc.driver.T4C8Oall.doOALL(T4C8Oall.java:512)
	at oracle.jdbc.driver.T4CStatement.doOall8(T4CStatement.java:123)
	at oracle.jdbc.driver.T4CStatement.executeForRows(T4CStatement.java:1200)
	at oracle.jdbc.driver.OracleStatement.executeSQLStatement(OracleStatement.java:1820)
	at oracle.jdbc.driver.OracleStatement.doExecuteWithTimeout(OracleStatement.java:1472)
	at oracle.jdbc.driver.OracleStatement.executeInternal(OracleStatement.java:2505)
	at oracle.jdbc.driver.OracleStatement.execute(OracleStatement.java:2460)
	at oracle.jdbc.driver.OracleStatementWrapper.execute(OracleStatementWrapper.java:328)
	at org.jkiss.dbeaver.model.impl.jdbc.exec.JDBCStatementImpl.execute(JDBCStatementImpl.java:344)
	at org.jkiss.dbeaver.model.impl.jdbc.exec.JDBCStatementImpl.executeStatement(JDBCStatementImpl.java:128)
	... 12 more
Caused by: Error : 904, Position : 174, Sql = -- board 테이블 생성
CREATE TABLE tbl_board(
	board_number	number
  , board_title		varchar2(300)
  , board_content	varchar2(1000)
  , board_date		timestamp DEFAULT current_timestemp
  , member_number	NUMBER
  , CONSTRAINT pk_board PRIMARY KEY (board_number)
  , CONSTRAINT fk_board FOREIGN KEY (member_number) REFERENCES tbl_member(member_number) ON DELETE cascade
), OriginalSql = -- board 테이블 생성
CREATE TABLE tbl_board(
	board_number	number
  , board_title		varchar2(300)
  , board_content	varchar2(1000)
  , board_date		timestamp DEFAULT current_timestemp
  , member_number	NUMBER
  , CONSTRAINT pk_board PRIMARY KEY (board_number)
  , CONSTRAINT fk_board FOREIGN KEY (member_number) REFERENCES tbl_member(member_number) ON DELETE cascade
), Error Msg = ORA-00904: "CURRENT_TIMESTEMP": 부적합한 식별자

	at oracle.jdbc.driver.T4CTTIoer11.processError(T4CTTIoer11.java:637)
	... 26 more
2025-02-03 15:35:13.362 - Execution context closed (localhost, 0)
2025-02-03 15:35:13.364 - Execution context closed (localhost, 4)
2025-02-03 15:35:13.373 - Execution context closed (localhost, 1)
2025-02-03 15:35:13.373 - Disconnected (oracle_thin-19482321f56-1b0cbac635d63ab3)
2025-02-03 15:35:13.376 - Execution context closed (localhost, 5)
2025-02-03 15:35:13.388 - Execution context closed (localhost, 6)
2025-02-03 15:35:13.388 - Disconnected (oracle_thin-194c99fb6e5-33ce03064bcd6860)
2025-02-03 17:53:20.537 - Dispose navigator model
2025-02-03 17:53:20.557 - DBeaver is stopping
2025-02-03 17:53:20.558 - Stop instance server
2025-02-03 17:53:21.560 - Instance server has been stopped
2025-02-03 17:53:21.561 - DBeaver shutdown completed
