2025-01-20 14:28:04.792 - DBeaver 24.3.0.202412011650 is starting
2025-01-20 14:28:04.792 - OS: Windows 10 10.0 (amd64)
2025-01-20 14:28:04.793 - Java version: 17.0.6 by Eclipse Adoptium (64bit)
2025-01-20 14:28:04.793 - Install path: 'D:\web_0900_kjs\dbms_3\resource\dbeaver-ce-24.3.0-win32.win32.x86_64\dbeaver'
2025-01-20 14:28:04.793 - Instance path: 'file:/D:/web_0900_kjs/jsp_6/dbms/'
2025-01-20 14:28:04.794 - Memory available 64Mb/1024Mb
2025-01-20 14:28:04.794 - Platform not initialized: metadata folder may be not set
2025-01-20 14:28:04.799 - Create display
2025-01-20 14:28:04.855 - Initialize desktop platform...
2025-01-20 14:28:04.924 - BounceCastle bundle found. Use JCE provider BC
> Start Core File Systems [org.eclipse.core.filesystem 1.11.0.v20240824-0952]
> Start Core Resource Management [org.eclipse.core.resources 3.21.0.v20240805-1607]
> Start Team Support Core [org.eclipse.team.core 3.10.500.v20240621-0541]
> Start DBeaver UI Navigator [org.jkiss.dbeaver.ui.navigator 1.0.144.202412011650]
2025-01-20 14:28:05.028 - Initialize base platform...
> Start DBeaver UI Editors - Base [org.jkiss.dbeaver.ui.editors.base 1.0.144.202412011650]
2025-01-20 14:28:05.040 - send collected statistics
2025-01-20 14:28:05.046 - Platform initialized (190ms)
2025-01-20 14:28:05.075 - Starting instance server at http://localhost:50851
2025-01-20 14:28:05.079 - Run workbench
> Start Eclipse e4 Workbench SWT [org.eclipse.e4.ui.workbench.swt 0.17.500.v20240807-0911]
> Start Eclipse Application Services [org.eclipse.e4.core.services 2.4.400.v20240413-1529]
> Start Eclipse UI Application Services [org.eclipse.e4.ui.services 1.6.300.v20231201-1637]
> Start Eclipse e4 Progress View [org.eclipse.e4.ui.progress 0.4.600.v20240606-1020]
> Start Eclipse Bindings Support [org.eclipse.e4.ui.bindings 0.14.400.v20240321-1245]
> Start Eclipse e4 core commands [org.eclipse.e4.core.commands 1.1.400.v20240424-0444]
> Start EMF XML/XMI Persistence [org.eclipse.emf.ecore.xmi 2.38.0.v20240721-0634]
> Start Eclipse CSS SWT Theme Support [org.eclipse.e4.ui.css.swt.theme 0.14.400.v20240424-0956]
> Start Eclipse e4 Workbench Add-ons [org.eclipse.e4.ui.workbench.addons.swt 1.5.500.v20240620-1945]
> Start Eclipse e4 Workbench SWT Renderer [org.eclipse.e4.ui.workbench.renderers.swt 0.16.500.v20240727-1037]
> Start Eclipse Dependency Injection Extensions [org.eclipse.e4.core.di.extensions 0.18.300.v20240413-1529]
> Start Eclipse CSS SWT Support [org.eclipse.e4.ui.css.swt 0.15.400.v20240321-1245]
> Start Default Text Editor [org.eclipse.ui.editors 3.18.0.v20240807-0735]
> Start Text Editor Framework [org.eclipse.ui.workbench.texteditor 3.18.0.v20240819-1419]
2025-01-20 14:28:05.953 - Configure workbench window
> Start DBeaver SQL Model [org.jkiss.dbeaver.model.sql 1.0.134.202412011650]
2025-01-20 14:28:06.023 - Script dialect 'gbase8s' not found in registry (for data source provider gbase8s). Use default.
2025-01-20 14:28:06.054 - Total database drivers: 121 (121)
> Start Help System Core [org.eclipse.help 3.10.400.v20240415-0528]
2025-01-20 14:28:06.098 - Create actions
2025-01-20 14:28:06.101 - Disable Eclipse action set 'org.eclipse.ui.edit.text.actionSet.annotationNavigation'
2025-01-20 14:28:06.102 - Disable Eclipse action set 'org.eclipse.ui.WorkingSetActionSet'
2025-01-20 14:28:06.102 - Disable Eclipse action set 'org.eclipse.ui.actionSet.openFiles'
2025-01-20 14:28:06.102 - Create workbench actions
2025-01-20 14:28:06.313 - Initialize workbench window
2025-01-20 14:28:06.318 - Finish initialization
> Start DBeaver UI Editors - Data [org.jkiss.dbeaver.ui.editors.data 1.0.144.202412011650]
Warning: NLS unused message: actions_navigator__objects in: org.jkiss.dbeaver.ui.editors.sql.internal.SQLEditorMessages
> Start DBeaver UI Editors - SQL [org.jkiss.dbeaver.ui.editors.sql 1.0.144.202412011650]
> Start DBeaver SQL Terminal [org.jkiss.dbeaver.ui.editors.sql.terminal 1.0.120.202412011650]
> Start Core Compare Support [org.eclipse.compare.core 3.8.500.v20240524-2010]
> Start Internet Connection Management UI [org.eclipse.ui.net 1.5.400.v20240413-1529]
> Start Internet Connection Management [org.eclipse.core.net 1.5.500.v20240625-1706]
> Start DBeaver Sample Database [org.jkiss.dbeaver.ext.sample.database 1.0.181.202412011650]
> Start DBeaver Tip of the day [org.jkiss.dbeaver.ext.ui.tipoftheday 1.0.150.202412011650]
> Start GEF Classic Draw2d [org.eclipse.draw2d 3.17.0.202409021815]
> Start GEF Classic GEF (MVC) [org.eclipse.gef 3.19.0.202409021815]
> Start DBeaver ERD UI [org.jkiss.dbeaver.erd.ui 3.0.104.202412011650]
> Start DBeaver ERD Model [org.jkiss.dbeaver.erd.model 1.0.104.202412011650]
> Start DBeaver Dashboard UI [org.jkiss.dbeaver.ui.dashboard 1.0.141.202412011650]
> Start DBeaver UI Editors - Connections [org.jkiss.dbeaver.ui.editors.connection 1.0.135.202412011650]
> Start DBeaver JDBC Model [org.jkiss.dbeaver.model.jdbc 1.0.37.202412011650]
> Start DBeaver Oracle Model [org.jkiss.dbeaver.ext.oracle 2.1.229.202412011650]
> Start Console [org.eclipse.ui.console 3.14.100.v20240429-1358]
> Start Debug Core [org.eclipse.debug.core 3.21.500.v20240801-2219]
> Start DBeaver Tasks - Native Tools UI [org.jkiss.dbeaver.tasks.native.ui 1.0.122.202412011650]
> Start DBeaver Oracle UI [org.jkiss.dbeaver.ext.oracle.ui 1.0.131.202412011650]
> Start DBeaver Tasks - General UI [org.jkiss.dbeaver.tasks.ui 1.0.122.202412011650]
2025-01-20 14:28:07.944 - Connect with 'localhost' (oracle_thin-19471d6d50f-3f36108ac82302db)
2025-01-20 14:28:07.966 - Execution context opened (localhost; Main; 0)
2025-01-20 14:28:08.272 - Execution context opened (localhost; Metadata; 1)
2025-01-20 14:28:08.347 - Connected (oracle_thin-19471d6d50f-3f36108ac82302db, Oracle JDBC driver [21.3.0.0.0])
2025-01-20 14:28:08.349 - Execution context opened (localhost; SQLEditor <Script.sql>; 2)
> Start DBeaver SQL Language Semantic Model [org.jkiss.dbeaver.model.lsm 1.0.39.202412011650]
2025-01-20 14:28:22.073 - Unrecognized Oracle client version at C:\oracle21c\dbhomeXE
2025-01-20 14:28:22.129 - Auth model 'native' was replaced by 'oracle_native'
2025-01-20 14:28:22.142 - Service 'org.jkiss.dbeaver.runtime.ui.UIServiceSecurity' not found
2025-01-20 14:28:31.533 - Connect with 'jdbc:oracle:thin:@//localhost:1521/XE' (oracle_thin-194822f161e-5b4ea8af27b5611e)
2025-01-20 14:28:31.533 - Execution context opened (jdbc:oracle:thin:@//localhost:1521/XE; Main; 3)
2025-01-20 14:28:31.689 - Connected (oracle_thin-194822f161e-5b4ea8af27b5611e, Oracle JDBC driver [21.3.0.0.0])
2025-01-20 14:28:31.702 - Execution context closed (jdbc:oracle:thin:@//localhost:1521/XE, 3)
2025-01-20 14:28:31.702 - Disconnected (oracle_thin-194822f161e-5b4ea8af27b5611e)
> Start DBeaver Tasks View [org.jkiss.dbeaver.tasks.ui.view 1.0.93.202412011650]
2025-01-20 14:29:55.882 - 	Invalidate context 'Main' for oracle_thin-19471d6d50f-3f36108ac82302db (BEFORE_INVALIDATE)
2025-01-20 14:29:55.894 - Execution context closed (localhost, 0)
2025-01-20 14:29:55.894 - 	Invalidate context 'Metadata' for oracle_thin-19471d6d50f-3f36108ac82302db (BEFORE_INVALIDATE)
2025-01-20 14:29:55.906 - Execution context closed (localhost, 1)
2025-01-20 14:29:55.906 - 	Invalidate context 'SQLEditor <Script.sql>' for oracle_thin-19471d6d50f-3f36108ac82302db (BEFORE_INVALIDATE)
2025-01-20 14:29:55.917 - Execution context closed (localhost, 2)
2025-01-20 14:29:55.917 - 	Invalidate context 'Main' for oracle_thin-19471d6d50f-3f36108ac82302db (INVALIDATE)
2025-01-20 14:29:55.935 - 	Invalidate context 'Metadata' for oracle_thin-19471d6d50f-3f36108ac82302db (INVALIDATE)
2025-01-20 14:29:55.955 - 	Invalidate context 'SQLEditor <Script.sql>' for oracle_thin-19471d6d50f-3f36108ac82302db (INVALIDATE)
2025-01-20 14:29:55.976 - 	Invalidate context 'Main' for oracle_thin-19471d6d50f-3f36108ac82302db (AFTER_INVALIDATE)
2025-01-20 14:29:55.976 - 	Invalidate context 'Metadata' for oracle_thin-19471d6d50f-3f36108ac82302db (AFTER_INVALIDATE)
2025-01-20 14:29:55.976 - 	Invalidate context 'SQLEditor <Script.sql>' for oracle_thin-19471d6d50f-3f36108ac82302db (AFTER_INVALIDATE)
2025-01-20 14:29:55.981 - Connections reopened: 3 (of 3)
2025-01-20 14:30:13.140 - Auth model 'native' was replaced by 'oracle_native'
2025-01-20 14:30:13.144 - Service 'org.jkiss.dbeaver.runtime.ui.UIServiceSecurity' not found
2025-01-20 14:31:32.883 - Connect with 'jdbc:oracle:thin:@//localhost:1521/XE' (oracle_thin-1948231da86-3b99721e6be9d273)
2025-01-20 14:31:32.884 - Execution context opened (jdbc:oracle:thin:@//localhost:1521/XE; Main; 4)
2025-01-20 14:31:32.965 - Connected (oracle_thin-1948231da86-3b99721e6be9d273, Oracle JDBC driver [21.3.0.0.0])
2025-01-20 14:31:32.977 - Execution context closed (jdbc:oracle:thin:@//localhost:1521/XE, 4)
2025-01-20 14:31:32.977 - Disconnected (oracle_thin-1948231da86-3b99721e6be9d273)
2025-01-20 14:31:50.523 - Auth model 'native' was replaced by 'oracle_native'
2025-01-20 14:31:50.526 - Service 'org.jkiss.dbeaver.runtime.ui.UIServiceSecurity' not found
2025-01-20 14:32:06.755 - Connect with 'jdbc:oracle:thin:@//localhost:1521/XE' (oracle_thin-19482325ed6-153a708dd819cc00)
2025-01-20 14:32:06.756 - Execution context opened (jdbc:oracle:thin:@//localhost:1521/XE; Main; 5)
2025-01-20 14:32:06.778 - Connected (oracle_thin-19482325ed6-153a708dd819cc00, Oracle JDBC driver [21.3.0.0.0])
2025-01-20 14:32:06.789 - Execution context closed (jdbc:oracle:thin:@//localhost:1521/XE, 5)
2025-01-20 14:32:06.789 - Disconnected (oracle_thin-19482325ed6-153a708dd819cc00)
2025-01-20 14:33:49.599 - Connect with 'localhost' (oracle_thin-19482321f56-1b0cbac635d63ab3)
2025-01-20 14:33:49.599 - Execution context opened (localhost; Main; 6)
2025-01-20 14:33:49.627 - Execution context opened (localhost; Metadata; 7)
2025-01-20 14:33:49.647 - Connected (oracle_thin-19482321f56-1b0cbac635d63ab3, Oracle JDBC driver [21.3.0.0.0])
2025-01-20 14:33:49.649 - Execution context opened (localhost; SQLEditor <Script.sql>; 8)
2025-01-20 14:34:15.772 - SQL Error [922] [42000]: ORA-00922: 누락된 또는 부적합한 옵션


Error position: line: 14 pos: 511
org.jkiss.dbeaver.model.sql.DBSQLException: SQL Error [922] [42000]: ORA-00922: 누락된 또는 부적합한 옵션

	at org.jkiss.dbeaver.model.impl.jdbc.exec.JDBCStatementImpl.executeStatement(JDBCStatementImpl.java:130)
	at org.jkiss.dbeaver.ui.editors.sql.execute.SQLQueryJob.executeStatement(SQLQueryJob.java:631)
	at org.jkiss.dbeaver.ui.editors.sql.execute.SQLQueryJob.lambda$2(SQLQueryJob.java:522)
	at org.jkiss.dbeaver.model.exec.DBExecUtils.tryExecuteRecover(DBExecUtils.java:192)
	at org.jkiss.dbeaver.ui.editors.sql.execute.SQLQueryJob.executeSingleQuery(SQLQueryJob.java:541)
	at org.jkiss.dbeaver.ui.editors.sql.execute.SQLQueryJob.extractData(SQLQueryJob.java:1016)
	at org.jkiss.dbeaver.ui.editors.sql.SQLEditor$QueryResultsContainer.readData(SQLEditor.java:4273)
	at org.jkiss.dbeaver.ui.controls.resultset.ResultSetJobDataRead.lambda$0(ResultSetJobDataRead.java:128)
	at org.jkiss.dbeaver.model.exec.DBExecUtils.tryExecuteRecover(DBExecUtils.java:192)
	at org.jkiss.dbeaver.ui.controls.resultset.ResultSetJobDataRead.run(ResultSetJobDataRead.java:126)
	at org.jkiss.dbeaver.ui.controls.resultset.ResultSetViewer$ResultSetDataPumpJob.run(ResultSetViewer.java:5166)
	at org.jkiss.dbeaver.model.runtime.AbstractJob.run(AbstractJob.java:119)
	at org.eclipse.core.internal.jobs.Worker.run(Worker.java:63)
Caused by: java.sql.SQLSyntaxErrorException: ORA-00922: 누락된 또는 부적합한 옵션

	at oracle.jdbc.driver.T4CTTIoer11.processError(T4CTTIoer11.java:630)
	at oracle.jdbc.driver.T4CTTIoer11.processError(T4CTTIoer11.java:564)
	at oracle.jdbc.driver.T4C8Oall.processError(T4C8Oall.java:1231)
	at oracle.jdbc.driver.T4CTTIfun.receive(T4CTTIfun.java:772)
	at oracle.jdbc.driver.T4CTTIfun.doRPC(T4CTTIfun.java:299)
	at oracle.jdbc.driver.T4C8Oall.doOALL(T4C8Oall.java:512)
	at oracle.jdbc.driver.T4CStatement.doOall8(T4CStatement.java:123)
	at oracle.jdbc.driver.T4CStatement.executeForRows(T4CStatement.java:1200)
	at oracle.jdbc.driver.OracleStatement.executeSQLStatement(OracleStatement.java:1820)
	at oracle.jdbc.driver.OracleStatement.doExecuteWithTimeout(OracleStatement.java:1472)
	at oracle.jdbc.driver.OracleStatement.executeInternal(OracleStatement.java:2505)
	at oracle.jdbc.driver.OracleStatement.execute(OracleStatement.java:2460)
	at oracle.jdbc.driver.OracleStatementWrapper.execute(OracleStatementWrapper.java:328)
	at org.jkiss.dbeaver.model.impl.jdbc.exec.JDBCStatementImpl.execute(JDBCStatementImpl.java:344)
	at org.jkiss.dbeaver.model.impl.jdbc.exec.JDBCStatementImpl.executeStatement(JDBCStatementImpl.java:128)
	... 12 more
Caused by: Error : 922, Position : 511, Sql = CREATE TABLE tbl_user (
    user_number NUMBER,
    user_id VARCHAR2(20) NOT NULL,
    user_passwd VARCHAR2(20) NOT NULL,
    user_nickname VARCHAR2(15) NOT NULL,
    user_tier VARCHAR2(15) NOT NULL,
    user_phone VARCHAR2(15) NOT NULL,
    user_join_date DATE,
    user_ben_ctn NUMBER DEFAULT 0,
    CONSTRAINT pk_user PRIMARY KEY (user_number),
    CONSTRAINT uq_user_id UNIQUE (user_id),
    CONSTRAINT uq_user_nickname UNIQUE (user_nickname),
    CONSTRAINT uq_user_phone UNIQUE (user_phone)
);
CREATE SEQUENCE seq_user START WITH 1 INCREMENT BY 1
nocache  --시퀀스 값을 미리 메모리에 캐싱하지 않도록 설정
nocycle; --최대갑셍 도달하면 재시작하지 않도록 설정

CREATE TABLE tbl_forum (
    forum_number NUMBER,
    user_number NUMBER,
    forum_category VARCHAR2(10) NOT NULL,
    forum_title VARCHAR2(150) NOT NULL,
    forum_date DATE,
    forum_update DATE,
    forum_content VARCHAR2(2000) NOT NULL,
    CONSTRAINT pk_forum PRIMARY KEY (forum_number),
    CONSTRAINT fk_forum_user FOREIGN KEY (user_number) REFERENCES tbl_user (user_number) ON DELETE CASCADE
);
CREATE SEQUENCE seq_forum START WITH 1 INCREMENT BY 1 nocache nocycle;

CREATE TABLE tbl_file (
    file_number NUMBER,
    forum_number NUMBER,
    img_source VARCHAR2(200),
    CONSTRAINT pk_file PRIMARY KEY (file_number),
    CONSTRAINT fk_file_forum FOREIGN KEY (forum_number) REFERENCES tbl_forum (forum_number) ON DELETE CASCADE
);
CREATE SEQUENCE seq_file START WITH 1 INCREMENT BY 1 nocache nocycle;

CREATE TABLE tbl_comment (
    comment_number NUMBER,
    forum_number NUMBER,
    user_number NUMBER,
    comment_content VARCHAR2(500) NOT NULL,
    comment_date DATE,
    CONSTRAINT pk_comment PRIMARY KEY (comment_number),
    CONSTRAINT fk_comment_forum FOREIGN KEY (forum_number) REFERENCES tbl_forum (forum_number) ON DELETE CASCADE,
    CONSTRAINT fk_comment_user FOREIGN KEY (user_number) REFERENCES tbl_user (user_number) ON DELETE CASCADE
);
CREATE SEQUENCE seq_comment START WITH 1 INCREMENT BY 1 nocache nocycle;


CREATE TABLE tbl_party (
    party_number NUMBER,
    forum_number NUMBER,
    user_number NUMBER,
    party_state VARCHAR2(20) DEFAULT '대기중',
    CONSTRAINT pk_party PRIMARY KEY (party_number),
    CONSTRAINT fk_party_forum FOREIGN KEY (forum_number) REFERENCES tbl_forum (forum_number) ON DELETE CASCADE,
    CONSTRAINT fk_party_user FOREIGN KEY (user_number) REFERENCES tbl_user (user_number) ON DELETE CASCADE
);
CREATE SEQUENCE seq_party START WITH 1 INCREMENT BY 1 nocache nocycle;


CREATE TABLE tbl_ben (
    ben_number NUMBER,
    user_num NUMBER,
    ben_start_date DATE,
    ben_period NUMBER NOT NULL,
    ben_reason VARCHAR2(50) NOT NULL,
    CONSTRAINT pk_ben PRIMARY KEY (ben_number),
    CONSTRAINT fk_ben_user FOREIGN KEY (user_num) REFERENCES tbl_user (user_number) ON DELETE CASCADE
);
CREATE SEQUENCE seq_ben START WITH 1 INCREMENT BY 1 nocache nocycle;


CREATE TABLE tbl_admin (
    admin_number NUMBER,
    admin_id VARCHAR2(20) NOT NULL,
    admin_passwd VARCHAR2(20) NOT NULL,
    CONSTRAINT pk_admin PRIMARY KEY (admin_number)
);
CREATE SEQUENCE seq_admin START WITH 1 INCREMENT BY 1 nocache nocycle;

SELECT * FROM tbl_user;
SELECT * FROM tbl_forum;
SELECT * FROM tbl_file;
SELECT * FROM tbl_comment;
SELECT * FROM tbl_party;
SELECT * FROM tbl_ben;
SELECT * from tbl_manager;

INSERT INTO tbl_user (user_number, user_id, user_passwd, user_nickname, user_tier, user_phone, user_join_date, user_ben_ctn)
VALUES (seq_user.NEXTVAL, 'alice123', 'pass123', 'Alice', 'gold', '010-1111-2222', SYSDATE, 0);

INSERT INTO tbl_user (user_number, user_id, user_passwd, user_nickname, user_tier, user_phone, user_join_date, user_ben_ctn)
VALUES (seq_user.NEXTVAL, 'bob456', 'pass456', 'Bob', 'silver', '010-3333-4444', SYSDATE, 1);

INSERT INTO tbl_user (user_number, user_id, user_passwd, user_nickname, user_tier, user_phone, user_join_date, user_ben_ctn)
VALUES (seq_user.NEXTVAL, 'char789', 'pass789', 'Char', 'bronze', '010-5555-6666', SYSDATE, 0);


INSERT INTO tbl_forum (forum_number, user_number, forum_category, forum_title, forum_date, forum_update, forum_content)
VALUES (seq_forum.NEXTVAL, 1, '자유', '이게 롤이다', SYSDATE, NULL, '요번 업데이트 미쳤다 이게 롤이지 이게');

INSERT INTO tbl_forum (forum_number, user_number, forum_category, forum_title, forum_date, forum_update, forum_content)
VALUES (seq_forum.NEXTVAL, 2, '공략', '아이템 이게 맞나요?', SYSDATE, NULL, 'ap템으로 가려고 하는데 어떤걸 가야할지 모르겠어요 추천좀여');

INSERT INTO tbl_forum (forum_number, user_number, forum_category, forum_title, forum_date, forum_update, forum_content)
VALUES (seq_forum.NEXTVAL, 3, '파티', '1/3일 5인팟해주실 고인물들 구함', SYSDATE, NULL, '플레 이상만 지원해주세여~ 1/1일까지 받음');


INSERT INTO tbl_file (file_number, forum_number, img_source)
VALUES (seq_file.NEXTVAL, 1, 'image1.png');

INSERT INTO tbl_file (file_number, forum_number, img_source)
VALUES (seq_file.NEXTVAL, 2, 'tips.png');

INSERT INTO tbl_file (file_number, forum_number, img_source)
VALUES (seq_file.NEXTVAL, 3, 'trends.png');


INSERT INTO tbl_comment (comment_number, forum_number, user_number, comment_content, comment_date)
VALUES (seq_comment.NEXTVAL, 1, 2, '대박 ㄷㄷ', SYSDATE);

INSERT INTO tbl_comment (comment_number, forum_number, user_number, comment_content, comment_date)
VALUES (seq_comment.NEXTVAL, 2, 3, '오오', SYSDATE);

INSERT INTO tbl_comment (comment_number, forum_number, user_number, comment_content, comment_date)
VALUES (seq_comment.NEXTVAL, 3, 1, '추추추', SYSDATE);


INSERT INTO tbl_party (party_number, forum_number, user_number, party_state)
VALUES (seq_party.NEXTVAL, 1, 1, '대기중');

INSERT INTO tbl_party (party_number, forum_number, user_number, party_state)
VALUES (seq_party.NEXTVAL, 2, 2, '대기중');

INSERT INTO tbl_party (party_number, forum_number, user_number, party_state)
VALUES (seq_party.NEXTVAL, 3, 3, '승인됨');


INSERT INTO tbl_ben (ben_number, user_num, ben_start_date, ben_period, ben_reason)
VALUES (seq_ben.NEXTVAL, 2, SYSDATE, 30, '욕설');

INSERT INTO tbl_ben (ben_number, user_num, ben_start_date, ben_period, ben_reason)
VALUES (seq_ben.NEXTVAL, 3, SYSDATE, 15, '비방');

INSERT INTO tbl_ben (ben_number, user_num, ben_start_date, ben_period, ben_reason)
VALUES (seq_ben.NEXTVAL, 1, SYSDATE, 7, '선정적인 게시물');


INSERT INTO tbl_admin (admin_number, admin_id, admin_passwd)
VALUES (seq_admin.NEXTVAL, 'admin', 'admin123');

--SELECT * FROM tbl_admin;
--SELECT * FROM tbl_user, OriginalSql = CREATE TABLE tbl_user (
    user_number NUMBER,
    user_id VARCHAR2(20) NOT NULL,
    user_passwd VARCHAR2(20) NOT NULL,
    user_nickname VARCHAR2(15) NOT NULL,
    user_tier VARCHAR2(15) NOT NULL,
    user_phone VARCHAR2(15) NOT NULL,
    user_join_date DATE,
    user_ben_ctn NUMBER DEFAULT 0,
    CONSTRAINT pk_user PRIMARY KEY (user_number),
    CONSTRAINT uq_user_id UNIQUE (user_id),
    CONSTRAINT uq_user_nickname UNIQUE (user_nickname),
    CONSTRAINT uq_user_phone UNIQUE (user_phone)
);
CREATE SEQUENCE seq_user START WITH 1 INCREMENT BY 1
nocache  --시퀀스 값을 미리 메모리에 캐싱하지 않도록 설정
nocycle; --최대갑셍 도달하면 재시작하지 않도록 설정

CREATE TABLE tbl_forum (
    forum_number NUMBER,
    user_number NUMBER,
    forum_category VARCHAR2(10) NOT NULL,
    forum_title VARCHAR2(150) NOT NULL,
    forum_date DATE,
    forum_update DATE,
    forum_content VARCHAR2(2000) NOT NULL,
    CONSTRAINT pk_forum PRIMARY KEY (forum_number),
    CONSTRAINT fk_forum_user FOREIGN KEY (user_number) REFERENCES tbl_user (user_number) ON DELETE CASCADE
);
CREATE SEQUENCE seq_forum START WITH 1 INCREMENT BY 1 nocache nocycle;

CREATE TABLE tbl_file (
    file_number NUMBER,
    forum_number NUMBER,
    img_source VARCHAR2(200),
    CONSTRAINT pk_file PRIMARY KEY (file_number),
    CONSTRAINT fk_file_forum FOREIGN KEY (forum_number) REFERENCES tbl_forum (forum_number) ON DELETE CASCADE
);
CREATE SEQUENCE seq_file START WITH 1 INCREMENT BY 1 nocache nocycle;

CREATE TABLE tbl_comment (
    comment_number NUMBER,
    forum_number NUMBER,
    user_number NUMBER,
    comment_content VARCHAR2(500) NOT NULL,
    comment_date DATE,
    CONSTRAINT pk_comment PRIMARY KEY (comment_number),
    CONSTRAINT fk_comment_forum FOREIGN KEY (forum_number) REFERENCES tbl_forum (forum_number) ON DELETE CASCADE,
    CONSTRAINT fk_comment_user FOREIGN KEY (user_number) REFERENCES tbl_user (user_number) ON DELETE CASCADE
);
CREATE SEQUENCE seq_comment START WITH 1 INCREMENT BY 1 nocache nocycle;


CREATE TABLE tbl_party (
    party_number NUMBER,
    forum_number NUMBER,
    user_number NUMBER,
    party_state VARCHAR2(20) DEFAULT '대기중',
    CONSTRAINT pk_party PRIMARY KEY (party_number),
    CONSTRAINT fk_party_forum FOREIGN KEY (forum_number) REFERENCES tbl_forum (forum_number) ON DELETE CASCADE,
    CONSTRAINT fk_party_user FOREIGN KEY (user_number) REFERENCES tbl_user (user_number) ON DELETE CASCADE
);
CREATE SEQUENCE seq_party START WITH 1 INCREMENT BY 1 nocache nocycle;


CREATE TABLE tbl_ben (
    ben_number NUMBER,
    user_num NUMBER,
    ben_start_date DATE,
    ben_period NUMBER NOT NULL,
    ben_reason VARCHAR2(50) NOT NULL,
    CONSTRAINT pk_ben PRIMARY KEY (ben_number),
    CONSTRAINT fk_ben_user FOREIGN KEY (user_num) REFERENCES tbl_user (user_number) ON DELETE CASCADE
);
CREATE SEQUENCE seq_ben START WITH 1 INCREMENT BY 1 nocache nocycle;


CREATE TABLE tbl_admin (
    admin_number NUMBER,
    admin_id VARCHAR2(20) NOT NULL,
    admin_passwd VARCHAR2(20) NOT NULL,
    CONSTRAINT pk_admin PRIMARY KEY (admin_number)
);
CREATE SEQUENCE seq_admin START WITH 1 INCREMENT BY 1 nocache nocycle;

SELECT * FROM tbl_user;
SELECT * FROM tbl_forum;
SELECT * FROM tbl_file;
SELECT * FROM tbl_comment;
SELECT * FROM tbl_party;
SELECT * FROM tbl_ben;
SELECT * from tbl_manager;

INSERT INTO tbl_user (user_number, user_id, user_passwd, user_nickname, user_tier, user_phone, user_join_date, user_ben_ctn)
VALUES (seq_user.NEXTVAL, 'alice123', 'pass123', 'Alice', 'gold', '010-1111-2222', SYSDATE, 0);

INSERT INTO tbl_user (user_number, user_id, user_passwd, user_nickname, user_tier, user_phone, user_join_date, user_ben_ctn)
VALUES (seq_user.NEXTVAL, 'bob456', 'pass456', 'Bob', 'silver', '010-3333-4444', SYSDATE, 1);

INSERT INTO tbl_user (user_number, user_id, user_passwd, user_nickname, user_tier, user_phone, user_join_date, user_ben_ctn)
VALUES (seq_user.NEXTVAL, 'char789', 'pass789', 'Char', 'bronze', '010-5555-6666', SYSDATE, 0);


INSERT INTO tbl_forum (forum_number, user_number, forum_category, forum_title, forum_date, forum_update, forum_content)
VALUES (seq_forum.NEXTVAL, 1, '자유', '이게 롤이다', SYSDATE, NULL, '요번 업데이트 미쳤다 이게 롤이지 이게');

INSERT INTO tbl_forum (forum_number, user_number, forum_category, forum_title, forum_date, forum_update, forum_content)
VALUES (seq_forum.NEXTVAL, 2, '공략', '아이템 이게 맞나요?', SYSDATE, NULL, 'ap템으로 가려고 하는데 어떤걸 가야할지 모르겠어요 추천좀여');

INSERT INTO tbl_forum (forum_number, user_number, forum_category, forum_title, forum_date, forum_update, forum_content)
VALUES (seq_forum.NEXTVAL, 3, '파티', '1/3일 5인팟해주실 고인물들 구함', SYSDATE, NULL, '플레 이상만 지원해주세여~ 1/1일까지 받음');


INSERT INTO tbl_file (file_number, forum_number, img_source)
VALUES (seq_file.NEXTVAL, 1, 'image1.png');

INSERT INTO tbl_file (file_number, forum_number, img_source)
VALUES (seq_file.NEXTVAL, 2, 'tips.png');

INSERT INTO tbl_file (file_number, forum_number, img_source)
VALUES (seq_file.NEXTVAL, 3, 'trends.png');


INSERT INTO tbl_comment (comment_number, forum_number, user_number, comment_content, comment_date)
VALUES (seq_comment.NEXTVAL, 1, 2, '대박 ㄷㄷ', SYSDATE);

INSERT INTO tbl_comment (comment_number, forum_number, user_number, comment_content, comment_date)
VALUES (seq_comment.NEXTVAL, 2, 3, '오오', SYSDATE);

INSERT INTO tbl_comment (comment_number, forum_number, user_number, comment_content, comment_date)
VALUES (seq_comment.NEXTVAL, 3, 1, '추추추', SYSDATE);


INSERT INTO tbl_party (party_number, forum_number, user_number, party_state)
VALUES (seq_party.NEXTVAL, 1, 1, '대기중');

INSERT INTO tbl_party (party_number, forum_number, user_number, party_state)
VALUES (seq_party.NEXTVAL, 2, 2, '대기중');

INSERT INTO tbl_party (party_number, forum_number, user_number, party_state)
VALUES (seq_party.NEXTVAL, 3, 3, '승인됨');


INSERT INTO tbl_ben (ben_number, user_num, ben_start_date, ben_period, ben_reason)
VALUES (seq_ben.NEXTVAL, 2, SYSDATE, 30, '욕설');

INSERT INTO tbl_ben (ben_number, user_num, ben_start_date, ben_period, ben_reason)
VALUES (seq_ben.NEXTVAL, 3, SYSDATE, 15, '비방');

INSERT INTO tbl_ben (ben_number, user_num, ben_start_date, ben_period, ben_reason)
VALUES (seq_ben.NEXTVAL, 1, SYSDATE, 7, '선정적인 게시물');


INSERT INTO tbl_admin (admin_number, admin_id, admin_passwd)
VALUES (seq_admin.NEXTVAL, 'admin', 'admin123');

--SELECT * FROM tbl_admin;
--SELECT * FROM tbl_user, Error Msg = ORA-00922: 누락된 또는 부적합한 옵션

	at oracle.jdbc.driver.T4CTTIoer11.processError(T4CTTIoer11.java:637)
	... 26 more
2025-01-20 14:34:32.031 - org.jkiss.dbeaver.model.sql.DBSQLException: SQL Error [942] [42000]: ORA-00942: 테이블 또는 뷰가 존재하지 않습니다

	at org.jkiss.dbeaver.model.impl.jdbc.exec.JDBCStatementImpl.executeStatement(JDBCStatementImpl.java:130)
	at org.jkiss.dbeaver.ui.editors.sql.execute.SQLQueryJob.executeStatement(SQLQueryJob.java:631)
	at org.jkiss.dbeaver.ui.editors.sql.execute.SQLQueryJob.lambda$2(SQLQueryJob.java:522)
	at org.jkiss.dbeaver.model.exec.DBExecUtils.tryExecuteRecover(DBExecUtils.java:192)
	at org.jkiss.dbeaver.ui.editors.sql.execute.SQLQueryJob.executeSingleQuery(SQLQueryJob.java:541)
	at org.jkiss.dbeaver.ui.editors.sql.execute.SQLQueryJob.run(SQLQueryJob.java:241)
	at org.jkiss.dbeaver.model.runtime.AbstractJob.run(AbstractJob.java:119)
	at org.eclipse.core.internal.jobs.Worker.run(Worker.java:63)
Caused by: java.sql.SQLSyntaxErrorException: ORA-00942: 테이블 또는 뷰가 존재하지 않습니다

	at oracle.jdbc.driver.T4CTTIoer11.processError(T4CTTIoer11.java:630)
	at oracle.jdbc.driver.T4CTTIoer11.processError(T4CTTIoer11.java:564)
	at oracle.jdbc.driver.T4C8Oall.processError(T4C8Oall.java:1231)
	at oracle.jdbc.driver.T4CTTIfun.receive(T4CTTIfun.java:772)
	at oracle.jdbc.driver.T4CTTIfun.doRPC(T4CTTIfun.java:299)
	at oracle.jdbc.driver.T4C8Oall.doOALL(T4C8Oall.java:512)
	at oracle.jdbc.driver.T4CStatement.doOall8(T4CStatement.java:123)
	at oracle.jdbc.driver.T4CStatement.executeForDescribe(T4CStatement.java:969)
	at oracle.jdbc.driver.OracleStatement.prepareDefineBufferAndExecute(OracleStatement.java:1271)
	at oracle.jdbc.driver.OracleStatement.executeMaybeDescribe(OracleStatement.java:1149)
	at oracle.jdbc.driver.OracleStatement.executeSQLSelect(OracleStatement.java:1661)
	at oracle.jdbc.driver.OracleStatement.doExecuteWithTimeout(OracleStatement.java:1470)
	at oracle.jdbc.driver.OracleStatement.executeInternal(OracleStatement.java:2505)
	at oracle.jdbc.driver.OracleStatement.execute(OracleStatement.java:2460)
	at oracle.jdbc.driver.OracleStatementWrapper.execute(OracleStatementWrapper.java:328)
	at org.jkiss.dbeaver.model.impl.jdbc.exec.JDBCStatementImpl.execute(JDBCStatementImpl.java:344)
	at org.jkiss.dbeaver.model.impl.jdbc.exec.JDBCStatementImpl.executeStatement(JDBCStatementImpl.java:128)
	... 7 more
Caused by: Error : 942, Position : 14, Sql = SELECT * from tbl_manager, OriginalSql = SELECT * from tbl_manager, Error Msg = ORA-00942: 테이블 또는 뷰가 존재하지 않습니다

	at oracle.jdbc.driver.T4CTTIoer11.processError(T4CTTIoer11.java:637)
	... 23 more
> Start DBeaver Data Transfer [org.jkiss.dbeaver.data.transfer 2.0.128.202412011650]
2025-01-20 14:35:03.196 - Error : 2449, Position : 20, Sql = DROP TABLE LEARNING.TBL_FORUM, OriginalSql = DROP TABLE LEARNING.TBL_FORUM, Error Msg = ORA-02449: 외래 키에 의해 참조되는 고유/기본 키가 테이블에 있습니다

Error : 2449, Position : 20, Sql = DROP TABLE LEARNING.TBL_FORUM, OriginalSql = DROP TABLE LEARNING.TBL_FORUM, Error Msg = ORA-02449: 외래 키에 의해 참조되는 고유/기본 키가 테이블에 있습니다

	at oracle.jdbc.driver.T4CTTIoer11.processError(T4CTTIoer11.java:637)
	at oracle.jdbc.driver.T4CTTIoer11.processError(T4CTTIoer11.java:564)
	at oracle.jdbc.driver.T4C8Oall.processError(T4C8Oall.java:1231)
	at oracle.jdbc.driver.T4CTTIfun.receive(T4CTTIfun.java:772)
	at oracle.jdbc.driver.T4CTTIfun.doRPC(T4CTTIfun.java:299)
	at oracle.jdbc.driver.T4C8Oall.doOALL(T4C8Oall.java:512)
	at oracle.jdbc.driver.T4CStatement.doOall8(T4CStatement.java:123)
	at oracle.jdbc.driver.T4CStatement.executeForRows(T4CStatement.java:1200)
	at oracle.jdbc.driver.OracleStatement.executeSQLStatement(OracleStatement.java:1820)
	at oracle.jdbc.driver.OracleStatement.doExecuteWithTimeout(OracleStatement.java:1472)
	at oracle.jdbc.driver.OracleStatement.executeInternal(OracleStatement.java:2505)
	at oracle.jdbc.driver.OracleStatement.execute(OracleStatement.java:2460)
	at oracle.jdbc.driver.OracleStatementWrapper.execute(OracleStatementWrapper.java:328)
	at org.jkiss.dbeaver.model.impl.jdbc.exec.JDBCStatementImpl.execute(JDBCStatementImpl.java:344)
	at org.jkiss.dbeaver.model.impl.jdbc.exec.JDBCStatementImpl.executeStatement(JDBCStatementImpl.java:128)
	at org.jkiss.dbeaver.model.exec.DBExecUtils.executePersistAction(DBExecUtils.java:361)
	at org.jkiss.dbeaver.model.impl.edit.AbstractObjectManager.executePersistAction(AbstractObjectManager.java:40)
	at org.jkiss.dbeaver.model.impl.edit.AbstractCommandContext.executeCommands(AbstractCommandContext.java:198)
	at org.jkiss.dbeaver.model.impl.edit.AbstractCommandContext.saveChanges(AbstractCommandContext.java:125)
	at org.jkiss.dbeaver.ui.navigator.actions.NavigatorHandlerObjectBase$ObjectSaver.run(NavigatorHandlerObjectBase.java:297)
	at org.jkiss.dbeaver.runtime.TasksJob.run(TasksJob.java:58)
	at org.jkiss.dbeaver.model.runtime.AbstractJob.run(AbstractJob.java:119)
	at org.eclipse.core.internal.jobs.Worker.run(Worker.java:63)
2025-01-20 14:35:07.483 - Error : 2449, Position : 20, Sql = DROP TABLE LEARNING.TBL_USER, OriginalSql = DROP TABLE LEARNING.TBL_USER, Error Msg = ORA-02449: 외래 키에 의해 참조되는 고유/기본 키가 테이블에 있습니다

Error : 2449, Position : 20, Sql = DROP TABLE LEARNING.TBL_USER, OriginalSql = DROP TABLE LEARNING.TBL_USER, Error Msg = ORA-02449: 외래 키에 의해 참조되는 고유/기본 키가 테이블에 있습니다

	at oracle.jdbc.driver.T4CTTIoer11.processError(T4CTTIoer11.java:637)
	at oracle.jdbc.driver.T4CTTIoer11.processError(T4CTTIoer11.java:564)
	at oracle.jdbc.driver.T4C8Oall.processError(T4C8Oall.java:1231)
	at oracle.jdbc.driver.T4CTTIfun.receive(T4CTTIfun.java:772)
	at oracle.jdbc.driver.T4CTTIfun.doRPC(T4CTTIfun.java:299)
	at oracle.jdbc.driver.T4C8Oall.doOALL(T4C8Oall.java:512)
	at oracle.jdbc.driver.T4CStatement.doOall8(T4CStatement.java:123)
	at oracle.jdbc.driver.T4CStatement.executeForRows(T4CStatement.java:1200)
	at oracle.jdbc.driver.OracleStatement.executeSQLStatement(OracleStatement.java:1820)
	at oracle.jdbc.driver.OracleStatement.doExecuteWithTimeout(OracleStatement.java:1472)
	at oracle.jdbc.driver.OracleStatement.executeInternal(OracleStatement.java:2505)
	at oracle.jdbc.driver.OracleStatement.execute(OracleStatement.java:2460)
	at oracle.jdbc.driver.OracleStatementWrapper.execute(OracleStatementWrapper.java:328)
	at org.jkiss.dbeaver.model.impl.jdbc.exec.JDBCStatementImpl.execute(JDBCStatementImpl.java:344)
	at org.jkiss.dbeaver.model.impl.jdbc.exec.JDBCStatementImpl.executeStatement(JDBCStatementImpl.java:128)
	at org.jkiss.dbeaver.model.exec.DBExecUtils.executePersistAction(DBExecUtils.java:361)
	at org.jkiss.dbeaver.model.impl.edit.AbstractObjectManager.executePersistAction(AbstractObjectManager.java:40)
	at org.jkiss.dbeaver.model.impl.edit.AbstractCommandContext.executeCommands(AbstractCommandContext.java:198)
	at org.jkiss.dbeaver.model.impl.edit.AbstractCommandContext.saveChanges(AbstractCommandContext.java:125)
	at org.jkiss.dbeaver.ui.navigator.actions.NavigatorHandlerObjectBase$ObjectSaver.run(NavigatorHandlerObjectBase.java:297)
	at org.jkiss.dbeaver.runtime.TasksJob.run(TasksJob.java:58)
	at org.jkiss.dbeaver.model.runtime.AbstractJob.run(AbstractJob.java:119)
	at org.eclipse.core.internal.jobs.Worker.run(Worker.java:63)
2025-01-20 14:35:11.659 - Can't get column 'EXTERNAL_NAME': 부적합한 열 이름
2025-01-20 14:35:11.660 - Can't get column 'ACCOUNT_STATUS': 부적합한 열 이름
2025-01-20 14:35:11.660 - Can't get column 'LOCK_DATE': 부적합한 열 이름
2025-01-20 14:35:11.660 - Can't get column 'EXPIRY_DATE': 부적합한 열 이름
2025-01-20 14:35:11.660 - Can't get column 'DEFAULT_TABLESPACE': 부적합한 열 이름
2025-01-20 14:35:11.660 - Can't get column 'TEMPORARY_TABLESPACE': 부적합한 열 이름
2025-01-20 14:35:11.660 - Can't get column 'PROFILE': 부적합한 열 이름
2025-01-20 14:35:11.660 - Can't get column 'INITIAL_RSRC_CONSUMER_GROUP': 부적합한 열 이름
2025-01-20 17:59:31.157 - Execution context closed (localhost, 2)
2025-01-20 17:59:31.191 - Execution context closed (localhost, 8)
2025-01-20 17:59:31.271 - Dispose navigator model
2025-01-20 17:59:31.284 - DBeaver is stopping
2025-01-20 17:59:31.284 - Stop instance server
2025-01-20 17:59:32.295 - Instance server has been stopped
2025-01-20 17:59:32.295 - DBeaver shutdown completed
